<?xml version="1.0" encoding="UTF-8"?>
<!-- Generated by org.testng.reporters.JUnitReportReporter -->
<testsuite hostname="IlonaPC" name="com.softserveinc.edu.ita.tasks.Weather" tests="1" failures="0" timestamp="18 Jun 2015 10:07:19 GMT" time="33.438" errors="0">
  <testcase name="firstTest" time="33.438" classname="com.softserveinc.edu.ita.tasks.Weather"/>
</testsuite> <!-- com.softserveinc.edu.ita.tasks.Weather -->
